Created by PLY version 3.11 (http://www.dabeaz.com/ply)

Grammar

Rule 0     S' -> statement
Rule 1     statement -> NAME EQUALS expression
Rule 2     statement -> expression
Rule 3     expression -> expression PLUS expression
Rule 4     expression -> expression MINUS expression
Rule 5     expression -> expression TIMES expression
Rule 6     expression -> expression DIVIDE expression
Rule 7     expression -> expression POWER expression
Rule 8     expression -> MINUS expression
Rule 9     expression -> LPAREN expression RPAREN
Rule 10    expression -> NUMBER
Rule 11    expression -> NAME
Rule 12    expression -> NAME LPAREN expression RPAREN

Terminals, with rules where they appear

DIVIDE               : 6
EQUALS               : 1
LPAREN               : 9 12
MINUS                : 4 8
NAME                 : 1 11 12
NUMBER               : 10
PLUS                 : 3
POWER                : 7
RPAREN               : 9 12
TIMES                : 5
error                : 

Nonterminals, with rules where they appear

expression           : 1 2 3 3 4 4 5 5 6 6 7 7 8 9 12
statement            : 0

Parsing method: LALR

state 0

    (0) S' -> . statement
    (1) statement -> . NAME EQUALS expression
    (2) statement -> . expression
    (3) expression -> . expression PLUS expression
    (4) expression -> . expression MINUS expression
    (5) expression -> . expression TIMES expression
    (6) expression -> . expression DIVIDE expression
    (7) expression -> . expression POWER expression
    (8) expression -> . MINUS expression
    (9) expression -> . LPAREN expression RPAREN
    (10) expression -> . NUMBER
    (11) expression -> . NAME
    (12) expression -> . NAME LPAREN expression RPAREN

    NAME            shift and go to state 2
    MINUS           shift and go to state 4
    LPAREN          shift and go to state 5
    NUMBER          shift and go to state 6

    statement                      shift and go to state 1
    expression                     shift and go to state 3

state 1

    (0) S' -> statement .



state 2

    (1) statement -> NAME . EQUALS expression
    (11) expression -> NAME .
    (12) expression -> NAME . LPAREN expression RPAREN

    EQUALS          shift and go to state 7
    PLUS            reduce using rule 11 (expression -> NAME .)
    MINUS           reduce using rule 11 (expression -> NAME .)
    TIMES           reduce using rule 11 (expression -> NAME .)
    DIVIDE          reduce using rule 11 (expression -> NAME .)
    POWER           reduce using rule 11 (expression -> NAME .)
    $end            reduce using rule 11 (expression -> NAME .)
    LPAREN          shift and go to state 8


state 3

    (2) statement -> expression .
    (3) expression -> expression . PLUS expression
    (4) expression -> expression . MINUS expression
    (5) expression -> expression . TIMES expression
    (6) expression -> expression . DIVIDE expression
    (7) expression -> expression . POWER expression

    $end            reduce using rule 2 (statement -> expression .)
    PLUS            shift and go to state 9
    MINUS           shift and go to state 10
    TIMES           shift and go to state 11
    DIVIDE          shift and go to state 12
    POWER           shift and go to state 13


state 4

    (8) expression -> MINUS . expression
    (3) expression -> . expression PLUS expression
    (4) expression -> . expression MINUS expression
    (5) expression -> . expression TIMES expression
    (6) expression -> . expression DIVIDE expression
    (7) expression -> . expression POWER expression
    (8) expression -> . MINUS expression
    (9) expression -> . LPAREN expression RPAREN
    (10) expression -> . NUMBER
    (11) expression -> . NAME
    (12) expression -> . NAME LPAREN expression RPAREN

    MINUS           shift and go to state 4
    LPAREN          shift and go to state 5
    NUMBER          shift and go to state 6
    NAME            shift and go to state 15

    expression                     shift and go to state 14

state 5

    (9) expression -> LPAREN . expression RPAREN
    (3) expression -> . expression PLUS expression
    (4) expression -> . expression MINUS expression
    (5) expression -> . expression TIMES expression
    (6) expression -> . expression DIVIDE expression
    (7) expression -> . expression POWER expression
    (8) expression -> . MINUS expression
    (9) expression -> . LPAREN expression RPAREN
    (10) expression -> . NUMBER
    (11) expression -> . NAME
    (12) expression -> . NAME LPAREN expression RPAREN

    MINUS           shift and go to state 4
    LPAREN          shift and go to state 5
    NUMBER          shift and go to state 6
    NAME            shift and go to state 15

    expression                     shift and go to state 16

state 6

    (10) expression -> NUMBER .

    PLUS            reduce using rule 10 (expression -> NUMBER .)
    MINUS           reduce using rule 10 (expression -> NUMBER .)
    TIMES           reduce using rule 10 (expression -> NUMBER .)
    DIVIDE          reduce using rule 10 (expression -> NUMBER .)
    POWER           reduce using rule 10 (expression -> NUMBER .)
    $end            reduce using rule 10 (expression -> NUMBER .)
    RPAREN          reduce using rule 10 (expression -> NUMBER .)


state 7

    (1) statement -> NAME EQUALS . expression
    (3) expression -> . expression PLUS expression
    (4) expression -> . expression MINUS expression
    (5) expression -> . expression TIMES expression
    (6) expression -> . expression DIVIDE expression
    (7) expression -> . expression POWER expression
    (8) expression -> . MINUS expression
    (9) expression -> . LPAREN expression RPAREN
    (10) expression -> . NUMBER
    (11) expression -> . NAME
    (12) expression -> . NAME LPAREN expression RPAREN

    MINUS           shift and go to state 4
    LPAREN          shift and go to state 5
    NUMBER          shift and go to state 6
    NAME            shift and go to state 15

    expression                     shift and go to state 17

state 8

    (12) expression -> NAME LPAREN . expression RPAREN
    (3) expression -> . expression PLUS expression
    (4) expression -> . expression MINUS expression
    (5) expression -> . expression TIMES expression
    (6) expression -> . expression DIVIDE expression
    (7) expression -> . expression POWER expression
    (8) expression -> . MINUS expression
    (9) expression -> . LPAREN expression RPAREN
    (10) expression -> . NUMBER
    (11) expression -> . NAME
    (12) expression -> . NAME LPAREN expression RPAREN

    MINUS           shift and go to state 4
    LPAREN          shift and go to state 5
    NUMBER          shift and go to state 6
    NAME            shift and go to state 15

    expression                     shift and go to state 18

state 9

    (3) expression -> expression PLUS . expression
    (3) expression -> . expression PLUS expression
    (4) expression -> . expression MINUS expression
    (5) expression -> . expression TIMES expression
    (6) expression -> . expression DIVIDE expression
    (7) expression -> . expression POWER expression
    (8) expression -> . MINUS expression
    (9) expression -> . LPAREN expression RPAREN
    (10) expression -> . NUMBER
    (11) expression -> . NAME
    (12) expression -> . NAME LPAREN expression RPAREN

    MINUS           shift and go to state 4
    LPAREN          shift and go to state 5
    NUMBER          shift and go to state 6
    NAME            shift and go to state 15

    expression                     shift and go to state 19

state 10

    (4) expression -> expression MINUS . expression
    (3) expression -> . expression PLUS expression
    (4) expression -> . expression MINUS expression
    (5) expression -> . expression TIMES expression
    (6) expression -> . expression DIVIDE expression
    (7) expression -> . expression POWER expression
    (8) expression -> . MINUS expression
    (9) expression -> . LPAREN expression RPAREN
    (10) expression -> . NUMBER
    (11) expression -> . NAME
    (12) expression -> . NAME LPAREN expression RPAREN

    MINUS           shift and go to state 4
    LPAREN          shift and go to state 5
    NUMBER          shift and go to state 6
    NAME            shift and go to state 15

    expression                     shift and go to state 20

state 11

    (5) expression -> expression TIMES . expression
    (3) expression -> . expression PLUS expression
    (4) expression -> . expression MINUS expression
    (5) expression -> . expression TIMES expression
    (6) expression -> . expression DIVIDE expression
    (7) expression -> . expression POWER expression
    (8) expression -> . MINUS expression
    (9) expression -> . LPAREN expression RPAREN
    (10) expression -> . NUMBER
    (11) expression -> . NAME
    (12) expression -> . NAME LPAREN expression RPAREN

    MINUS           shift and go to state 4
    LPAREN          shift and go to state 5
    NUMBER          shift and go to state 6
    NAME            shift and go to state 15

    expression                     shift and go to state 21

state 12

    (6) expression -> expression DIVIDE . expression
    (3) expression -> . expression PLUS expression
    (4) expression -> . expression MINUS expression
    (5) expression -> . expression TIMES expression
    (6) expression -> . expression DIVIDE expression
    (7) expression -> . expression POWER expression
    (8) expression -> . MINUS expression
    (9) expression -> . LPAREN expression RPAREN
    (10) expression -> . NUMBER
    (11) expression -> . NAME
    (12) expression -> . NAME LPAREN expression RPAREN

    MINUS           shift and go to state 4
    LPAREN          shift and go to state 5
    NUMBER          shift and go to state 6
    NAME            shift and go to state 15

    expression                     shift and go to state 22

state 13

    (7) expression -> expression POWER . expression
    (3) expression -> . expression PLUS expression
    (4) expression -> . expression MINUS expression
    (5) expression -> . expression TIMES expression
    (6) expression -> . expression DIVIDE expression
    (7) expression -> . expression POWER expression
    (8) expression -> . MINUS expression
    (9) expression -> . LPAREN expression RPAREN
    (10) expression -> . NUMBER
    (11) expression -> . NAME
    (12) expression -> . NAME LPAREN expression RPAREN

    MINUS           shift and go to state 4
    LPAREN          shift and go to state 5
    NUMBER          shift and go to state 6
    NAME            shift and go to state 15

    expression                     shift and go to state 23

state 14

    (8) expression -> MINUS expression .
    (3) expression -> expression . PLUS expression
    (4) expression -> expression . MINUS expression
    (5) expression -> expression . TIMES expression
    (6) expression -> expression . DIVIDE expression
    (7) expression -> expression . POWER expression

    PLUS            reduce using rule 8 (expression -> MINUS expression .)
    MINUS           reduce using rule 8 (expression -> MINUS expression .)
    TIMES           reduce using rule 8 (expression -> MINUS expression .)
    DIVIDE          reduce using rule 8 (expression -> MINUS expression .)
    $end            reduce using rule 8 (expression -> MINUS expression .)
    RPAREN          reduce using rule 8 (expression -> MINUS expression .)
    POWER           shift and go to state 13

  ! POWER           [ reduce using rule 8 (expression -> MINUS expression .) ]
  ! PLUS            [ shift and go to state 9 ]
  ! MINUS           [ shift and go to state 10 ]
  ! TIMES           [ shift and go to state 11 ]
  ! DIVIDE          [ shift and go to state 12 ]


state 15

    (11) expression -> NAME .
    (12) expression -> NAME . LPAREN expression RPAREN

    PLUS            reduce using rule 11 (expression -> NAME .)
    MINUS           reduce using rule 11 (expression -> NAME .)
    TIMES           reduce using rule 11 (expression -> NAME .)
    DIVIDE          reduce using rule 11 (expression -> NAME .)
    POWER           reduce using rule 11 (expression -> NAME .)
    $end            reduce using rule 11 (expression -> NAME .)
    RPAREN          reduce using rule 11 (expression -> NAME .)
    LPAREN          shift and go to state 8


state 16

    (9) expression -> LPAREN expression . RPAREN
    (3) expression -> expression . PLUS expression
    (4) expression -> expression . MINUS expression
    (5) expression -> expression . TIMES expression
    (6) expression -> expression . DIVIDE expression
    (7) expression -> expression . POWER expression

    RPAREN          shift and go to state 24
    PLUS            shift and go to state 9
    MINUS           shift and go to state 10
    TIMES           shift and go to state 11
    DIVIDE          shift and go to state 12
    POWER           shift and go to state 13


state 17

    (1) statement -> NAME EQUALS expression .
    (3) expression -> expression . PLUS expression
    (4) expression -> expression . MINUS expression
    (5) expression -> expression . TIMES expression
    (6) expression -> expression . DIVIDE expression
    (7) expression -> expression . POWER expression

    $end            reduce using rule 1 (statement -> NAME EQUALS expression .)
    PLUS            shift and go to state 9
    MINUS           shift and go to state 10
    TIMES           shift and go to state 11
    DIVIDE          shift and go to state 12
    POWER           shift and go to state 13


state 18

    (12) expression -> NAME LPAREN expression . RPAREN
    (3) expression -> expression . PLUS expression
    (4) expression -> expression . MINUS expression
    (5) expression -> expression . TIMES expression
    (6) expression -> expression . DIVIDE expression
    (7) expression -> expression . POWER expression

    RPAREN          shift and go to state 25
    PLUS            shift and go to state 9
    MINUS           shift and go to state 10
    TIMES           shift and go to state 11
    DIVIDE          shift and go to state 12
    POWER           shift and go to state 13


state 19

    (3) expression -> expression PLUS expression .
    (3) expression -> expression . PLUS expression
    (4) expression -> expression . MINUS expression
    (5) expression -> expression . TIMES expression
    (6) expression -> expression . DIVIDE expression
    (7) expression -> expression . POWER expression

    PLUS            reduce using rule 3 (expression -> expression PLUS expression .)
    MINUS           reduce using rule 3 (expression -> expression PLUS expression .)
    $end            reduce using rule 3 (expression -> expression PLUS expression .)
    RPAREN          reduce using rule 3 (expression -> expression PLUS expression .)
    TIMES           shift and go to state 11
    DIVIDE          shift and go to state 12
    POWER           shift and go to state 13

  ! TIMES           [ reduce using rule 3 (expression -> expression PLUS expression .) ]
  ! DIVIDE          [ reduce using rule 3 (expression -> expression PLUS expression .) ]
  ! POWER           [ reduce using rule 3 (expression -> expression PLUS expression .) ]
  ! PLUS            [ shift and go to state 9 ]
  ! MINUS           [ shift and go to state 10 ]


state 20

    (4) expression -> expression MINUS expression .
    (3) expression -> expression . PLUS expression
    (4) expression -> expression . MINUS expression
    (5) expression -> expression . TIMES expression
    (6) expression -> expression . DIVIDE expression
    (7) expression -> expression . POWER expression

    PLUS            reduce using rule 4 (expression -> expression MINUS expression .)
    MINUS           reduce using rule 4 (expression -> expression MINUS expression .)
    $end            reduce using rule 4 (expression -> expression MINUS expression .)
    RPAREN          reduce using rule 4 (expression -> expression MINUS expression .)
    TIMES           shift and go to state 11
    DIVIDE          shift and go to state 12
    POWER           shift and go to state 13

  ! TIMES           [ reduce using rule 4 (expression -> expression MINUS expression .) ]
  ! DIVIDE          [ reduce using rule 4 (expression -> expression MINUS expression .) ]
  ! POWER           [ reduce using rule 4 (expression -> expression MINUS expression .) ]
  ! PLUS            [ shift and go to state 9 ]
  ! MINUS           [ shift and go to state 10 ]


state 21

    (5) expression -> expression TIMES expression .
    (3) expression -> expression . PLUS expression
    (4) expression -> expression . MINUS expression
    (5) expression -> expression . TIMES expression
    (6) expression -> expression . DIVIDE expression
    (7) expression -> expression . POWER expression

    PLUS            reduce using rule 5 (expression -> expression TIMES expression .)
    MINUS           reduce using rule 5 (expression -> expression TIMES expression .)
    TIMES           reduce using rule 5 (expression -> expression TIMES expression .)
    DIVIDE          reduce using rule 5 (expression -> expression TIMES expression .)
    $end            reduce using rule 5 (expression -> expression TIMES expression .)
    RPAREN          reduce using rule 5 (expression -> expression TIMES expression .)
    POWER           shift and go to state 13

  ! POWER           [ reduce using rule 5 (expression -> expression TIMES expression .) ]
  ! PLUS            [ shift and go to state 9 ]
  ! MINUS           [ shift and go to state 10 ]
  ! TIMES           [ shift and go to state 11 ]
  ! DIVIDE          [ shift and go to state 12 ]


state 22

    (6) expression -> expression DIVIDE expression .
    (3) expression -> expression . PLUS expression
    (4) expression -> expression . MINUS expression
    (5) expression -> expression . TIMES expression
    (6) expression -> expression . DIVIDE expression
    (7) expression -> expression . POWER expression

    PLUS            reduce using rule 6 (expression -> expression DIVIDE expression .)
    MINUS           reduce using rule 6 (expression -> expression DIVIDE expression .)
    TIMES           reduce using rule 6 (expression -> expression DIVIDE expression .)
    DIVIDE          reduce using rule 6 (expression -> expression DIVIDE expression .)
    $end            reduce using rule 6 (expression -> expression DIVIDE expression .)
    RPAREN          reduce using rule 6 (expression -> expression DIVIDE expression .)
    POWER           shift and go to state 13

  ! POWER           [ reduce using rule 6 (expression -> expression DIVIDE expression .) ]
  ! PLUS            [ shift and go to state 9 ]
  ! MINUS           [ shift and go to state 10 ]
  ! TIMES           [ shift and go to state 11 ]
  ! DIVIDE          [ shift and go to state 12 ]


state 23

    (7) expression -> expression POWER expression .
    (3) expression -> expression . PLUS expression
    (4) expression -> expression . MINUS expression
    (5) expression -> expression . TIMES expression
    (6) expression -> expression . DIVIDE expression
    (7) expression -> expression . POWER expression

    PLUS            reduce using rule 7 (expression -> expression POWER expression .)
    MINUS           reduce using rule 7 (expression -> expression POWER expression .)
    TIMES           reduce using rule 7 (expression -> expression POWER expression .)
    DIVIDE          reduce using rule 7 (expression -> expression POWER expression .)
    $end            reduce using rule 7 (expression -> expression POWER expression .)
    RPAREN          reduce using rule 7 (expression -> expression POWER expression .)
    POWER           shift and go to state 13

  ! POWER           [ reduce using rule 7 (expression -> expression POWER expression .) ]
  ! PLUS            [ shift and go to state 9 ]
  ! MINUS           [ shift and go to state 10 ]
  ! TIMES           [ shift and go to state 11 ]
  ! DIVIDE          [ shift and go to state 12 ]


state 24

    (9) expression -> LPAREN expression RPAREN .

    PLUS            reduce using rule 9 (expression -> LPAREN expression RPAREN .)
    MINUS           reduce using rule 9 (expression -> LPAREN expression RPAREN .)
    TIMES           reduce using rule 9 (expression -> LPAREN expression RPAREN .)
    DIVIDE          reduce using rule 9 (expression -> LPAREN expression RPAREN .)
    POWER           reduce using rule 9 (expression -> LPAREN expression RPAREN .)
    $end            reduce using rule 9 (expression -> LPAREN expression RPAREN .)
    RPAREN          reduce using rule 9 (expression -> LPAREN expression RPAREN .)


state 25

    (12) expression -> NAME LPAREN expression RPAREN .

    PLUS            reduce using rule 12 (expression -> NAME LPAREN expression RPAREN .)
    MINUS           reduce using rule 12 (expression -> NAME LPAREN expression RPAREN .)
    TIMES           reduce using rule 12 (expression -> NAME LPAREN expression RPAREN .)
    DIVIDE          reduce using rule 12 (expression -> NAME LPAREN expression RPAREN .)
    POWER           reduce using rule 12 (expression -> NAME LPAREN expression RPAREN .)
    $end            reduce using rule 12 (expression -> NAME LPAREN expression RPAREN .)
    RPAREN          reduce using rule 12 (expression -> NAME LPAREN expression RPAREN .)

